<?xml version="1.0" encoding="UTF-8"?>
<TestRun id="957672ea-e8e6-42b0-b08a-85d6166e9ff2" name="SYSTEM@RUSHANTH-LAPTOP 2021-04-14 13:31:31" runUser="NT AUTHORITY\SYSTEM" xmlns="http://microsoft.com/schemas/VisualStudio/TeamTest/2010">
  <TestSettings name="Default Test Settings" id="4754006d-ffb0-471a-9699-c19167f2b72d">
    <Deployment userDeploymentRoot="C:\Users\Revanth\source\repos\CsharpBasicforJenkins\HelloTest" useDefaultDeploymentRoot="false" runDeploymentRoot="SYSTEM_RUSHANTH-LAPTOP 2021-04-14 13_31_31" />
    <Execution>
      <TestTypeSpecific />
      <AgentRule name="Execution Agents">
      </AgentRule>
    </Execution>
    <Properties />
  </TestSettings>
  <Times creation="2021-04-14T13:31:31.9365449+02:00" queuing="2021-04-14T13:31:31.9365449+02:00" start="2021-04-14T13:31:31.9365449+02:00" finish="2021-04-14T13:31:32.1759940+02:00" />
  <ResultSummary outcome="Error">
    <Counters total="1" error="0" failed="0" timeout="0" aborted="0" inconclusive="0" passedButRunAborted="0" notRunnable="0" notExecuted="1" disconnected="0" warning="0" passed="0" completed="0" inProgress="0" pending="0" />
    <RunInfos>
      <RunInfo computerName="RUSHANTH-LAPTOP" outcome="Error" timestamp="2021-04-14T13:31:32.1679957+02:00">
        <Text>Failed to queue test run 'SYSTEM@RUSHANTH-LAPTOP 2021-04-14 13:31:31': The directory name is invalid</Text>
        <Exception>System.ComponentModel.Win32Exception (0x80004005): The directory name is invalid
   at Microsoft.VisualStudio.TestTools.TestManagement.LocalControllerProxy.PrepareProcess(TestRun run)
   at Microsoft.VisualStudio.TestTools.TestManagement.LocalControllerProxy.InitializeController(TestRun run)
   at Microsoft.VisualStudio.TestTools.TestManagement.ControllerProxy.QueueTestRunWorker(Object state)</Exception>
      </RunInfo>
    </RunInfos>
  </ResultSummary>
  <TestDefinitions>
    <UnitTest name="createMessageEqualTest" storage="c:\users\revanth\source\repos\csharpbasicforjenkins\hellotest\bin\debug\hellotest.dll" id="fa4e3469-c6a8-b240-34a0-fe6ae4a1a228">
      <Execution id="bff9da0b-76cb-4291-baf7-122be5b9e42d" />
      <TestMethod codeBase="C:/Users/Revanth/source/repos/CsharpBasicforJenkins/HelloTest/bin/Debug/HelloTest.DLL" adapterTypeName="Microsoft.VisualStudio.TestTools.TestTypes.Unit.UnitTestAdapter, Microsoft.VisualStudio.QualityTools.Tips.UnitTest.Adapter, Version=14.0.0.0, Culture=neutral, PublicKeyToken=b03f5f7f11d50a3a" className="HelloTest.UnitTest1, HelloTest, Version=1.0.0.0, Culture=neutral, PublicKeyToken=null" name="createMessageEqualTest" />
    </UnitTest>
  </TestDefinitions>
  <TestLists>
    <TestList name="Results Not in a List" id="8c84fa94-04c1-424b-9868-57a2d4851a1d" />
    <TestList name="All Loaded Results" id="19431567-8539-422a-85d7-44ee4e166bda" />
  </TestLists>
  <TestEntries>
    <TestEntry testId="fa4e3469-c6a8-b240-34a0-fe6ae4a1a228" executionId="bff9da0b-76cb-4291-baf7-122be5b9e42d" testListId="8c84fa94-04c1-424b-9868-57a2d4851a1d" />
  </TestEntries>
  <Results>
    <UnitTestResult executionId="bff9da0b-76cb-4291-baf7-122be5b9e42d" testId="fa4e3469-c6a8-b240-34a0-fe6ae4a1a228" testName="createMessageEqualTest" computerName="RUSHANTH-LAPTOP" testType="13cdc9d9-ddb5-4fa4-a97d-d965ccfc6d4b" outcome="NotExecuted" testListId="8c84fa94-04c1-424b-9868-57a2d4851a1d" relativeResultsDirectory="bff9da0b-76cb-4291-baf7-122be5b9e42d">
    </UnitTestResult>
  </Results>
</TestRun>